生成启动时间为 2017/5/10 19:09:45。
     1>项目“D:\VS工程\前中序还原二叉树\前中序还原二叉树\前中序还原二叉树.vcxproj”在节点 2 上(Build 个目标)。
     1>ClCompile:
         D:\VS2015\VC\bin\CL.exe /c /ZI /nologo /W3 /WX- /Od /Oy- /D WIN32 /D _DEBUG /D _CONSOLE /D _UNICODE /D UNICODE /Gm /EHsc /RTC1 /MDd /GS /fp:precise /Zc:wchar_t /Zc:forScope /Zc:inline /Fo"Debug\\" /Fd"Debug\vc140.pdb" /Gd /TP /analyze- /errorReport:prompt "源.cpp"
         源.cpp
     1>d:\vs工程\前中序还原二叉树\前中序还原二叉树\源.cpp(42): warning C4996: 'scanf': This function or variable may be unsafe. Consider using scanf_s instead. To disable deprecation, use _CRT_SECURE_NO_WARNINGS. See online help for details.
         c:\program files (x86)\windows kits\10\include\10.0.10150.0\ucrt\stdio.h(1270): note: 参见“scanf”的声明
     1>d:\vs工程\前中序还原二叉树\前中序还原二叉树\源.cpp(44): warning C4996: 'flushall': The POSIX name for this item is deprecated. Instead, use the ISO C and C++ conformant name: _flushall. See online help for details.
         c:\program files (x86)\windows kits\10\include\10.0.10150.0\ucrt\stdio.h(2451): note: 参见“flushall”的声明
     1>d:\vs工程\前中序还原二叉树\前中序还原二叉树\源.cpp(47): warning C4996: 'scanf': This function or variable may be unsafe. Consider using scanf_s instead. To disable deprecation, use _CRT_SECURE_NO_WARNINGS. See online help for details.
         c:\program files (x86)\windows kits\10\include\10.0.10150.0\ucrt\stdio.h(1270): note: 参见“scanf”的声明
     1>d:\vs工程\前中序还原二叉树\前中序还原二叉树\源.cpp(50): warning C4996: 'flushall': The POSIX name for this item is deprecated. Instead, use the ISO C and C++ conformant name: _flushall. See online help for details.
         c:\program files (x86)\windows kits\10\include\10.0.10150.0\ucrt\stdio.h(2451): note: 参见“flushall”的声明
     1>d:\vs工程\前中序还原二叉树\前中序还原二叉树\源.cpp(53): warning C4996: 'scanf': This function or variable may be unsafe. Consider using scanf_s instead. To disable deprecation, use _CRT_SECURE_NO_WARNINGS. See online help for details.
         c:\program files (x86)\windows kits\10\include\10.0.10150.0\ucrt\stdio.h(1270): note: 参见“scanf”的声明
       Link:
         D:\VS2015\VC\bin\link.exe /ERRORREPORT:PROMPT /OUT:"D:\VS工程\前中序还原二叉树\Debug\前中序还原二叉树.exe" /INCREMENTAL /NOLOGO kernel32.lib user32.lib gdi32.lib winspool.lib comdlg32.lib advapi32.lib shell32.lib ole32.lib oleaut32.lib uuid.lib odbc32.lib odbccp32.lib /MANIFEST /MANIFESTUAC:"level='asInvoker' uiAccess='false'" /manifest:embed /Debug /PDB:"D:\VS工程\前中序还原二叉树\Debug\前中序还原二叉树.pdb" /SUBSYSTEM:CONSOLE /TLBID:1 /DYNAMICBASE /NXCOMPAT /IMPLIB:"D:\VS工程\前中序还原二叉树\Debug\前中序还原二叉树.lib" /MACHINE:X86 "Debug\源.obj"
         前中序还原二叉树.vcxproj -> D:\VS工程\前中序还原二叉树\Debug\前中序还原二叉树.exe
     1>已完成生成项目“D:\VS工程\前中序还原二叉树\前中序还原二叉树\前中序还原二叉树.vcxproj”(Build 个目标)的操作。

已成功生成。

已用时间 00:00:00.53
